0 info it worked if it ends with ok
1 verbose cli [ '/data/data/com.termux/files/usr/bin/node',
1 verbose cli   '/data/data/com.termux/files/usr/bin/npm',
1 verbose cli   'start' ]
2 info using npm@3.10.10
3 info using node@v6.11.4
4 verbose run-script [ 'prestart', 'start', 'poststart' ]
5 info lifecycle linenetnotjs@0.2.1~prestart: linenetnotjs@0.2.1
6 silly lifecycle linenetnotjs@0.2.1~prestart: no script for prestart, continuing
7 info lifecycle linenetnotjs@0.2.1~start: linenetnotjs@0.2.1
8 verbose lifecycle linenetnotjs@0.2.1~start: unsafe-perm in lifecycle true
9 verbose lifecycle linenetnotjs@0.2.1~start: PATH: /data/data/com.termux/files/usr/lib/node_modules/npm/bin/node-gyp-bin:/data/data/com.termux/files/home/LineEtotJS/node_modules/.bin:/data/data/com.termux/files/usr/bin:/data/data/com.termux/files/usr/bin/applets
10 verbose lifecycle linenetnotjs@0.2.1~start: CWD: /data/data/com.termux/files/home/LineEtotJS
11 silly lifecycle linenetnotjs@0.2.1~start: Args: [ '-c', 'npm run bot' ]
12 silly lifecycle linenetnotjs@0.2.1~start: Returned: code: 1  signal: null
13 info lifecycle linenetnotjs@0.2.1~start: Failed to exec start script
14 verbose stack Error: linenetnotjs@0.2.1 start: `npm run bot`
14 verbose stack Exit status 1
14 verbose stack     at EventEmitter.<anonymous> (/data/data/com.termux/files/usr/lib/node_modules/npm/lib/utils/lifecycle.js:255:16)
14 verbose stack     at emitTwo (events.js:106:13)
14 verbose stack     at EventEmitter.emit (events.js:191:7)
14 verbose stack     at ChildProcess.<anonymous> (/data/data/com.termux/files/usr/lib/node_modules/npm/lib/utils/spawn.js:40:14)
14 verbose stack     at emitTwo (events.js:106:13)
14 verbose stack     at ChildProcess.emit (events.js:191:7)
14 verbose stack     at maybeClose (internal/child_process.js:920:16)
14 verbose stack     at Process.ChildProcess._handle.onexit (internal/child_process.js:230:5)
15 verbose pkgid linenetnotjs@0.2.1
16 verbose cwd /data/data/com.termux/files/home/LineEtotJS
17 error Linux 3.18.22+
18 error argv "/data/data/com.termux/files/usr/bin/node" "/data/data/com.termux/files/usr/bin/npm" "start"
19 error node v6.11.4
20 error npm  v3.10.10
21 error code ELIFECYCLE
22 error linenetnotjs@0.2.1 start: `npm run bot`
22 error Exit status 1
23 error Failed at the linenetnotjs@0.2.1 start script 'npm run bot'.
23 error Make sure you have the latest version of node.js and npm installed.
23 error If you do, this is most likely a problem with the linenetnotjs package,
23 error not with npm itself.
23 error Tell the author that this fails on your system:
23 error     npm run bot
23 error You can get information on how to open an issue for this project with:
23 error     npm bugs linenetnotjs
23 error Or if that isn't available, you can get their info via:
23 error     npm owner ls linenetnotjs
23 error There is likely additional logging output above.
24 verbose exit [ 1, true ]
